<?xml version="1.0" encoding="UTF-8"?>
<!-- Generated by org.testng.reporters.JUnitXMLReporter -->
<testsuite ignored="16" hostname="IN--1SP0BK3" failures="0" tests="9" name="Test" time="0.072" errors="0" timestamp="2023-04-18T13:20:35 IST">
  <testcase classname="Base.BasePage" name="@BeforeSuite initializeWebdriver" time="1.618">
    <failure type="org.openqa.selenium.SessionNotCreatedException" message="session not created: This version of ChromeDriver only supports Chrome version 108
Current browser version is 111.0.5563.149 with binary path C:\Program Files\Google\Chrome\Application\chrome.exe
Build info: version: &amp;apos;3.141.59&amp;apos;, revision: &amp;apos;e82be7d358&amp;apos;, time: &amp;apos;2018-11-14T08:17:03&amp;apos;
System info: host: &amp;apos;IN--1SP0BK3&amp;apos;, ip: &amp;apos;192.168.1.100&amp;apos;, os.name: &amp;apos;Windows 10&amp;apos;, os.arch: &amp;apos;amd64&amp;apos;, os.version: &amp;apos;10.0&amp;apos;, java.version: &amp;apos;11.0.1&amp;apos;
Driver info: driver.version: ChromeDriver
remote stacktrace: Backtrace:
	(No symbol) [0x0038F243]
	(No symbol) [0x00317FD1]
	(No symbol) [0x0020D04D]
	(No symbol) [0x0022F6B4]
	(No symbol) [0x0022A97C]
	(No symbol) [0x002282E9]
	(No symbol) [0x0025F056]
	(No symbol) [0x0025EB2A]
	(No symbol) [0x00258386]
	(No symbol) [0x0023163C]
	(No symbol) [0x0023269D]
	GetHandleVerifier [0x00629A22+2655074]
	GetHandleVerifier [0x0061CA24+2601828]
	GetHandleVerifier [0x00438C0A+619850]
	GetHandleVerifier [0x00437830+614768]
	(No symbol) [0x003205FC]
	(No symbol) [0x00325968]
	(No symbol) [0x00325A55]
	(No symbol) [0x0033051B]
	BaseThreadInitThunk [0x76766BD9+25]
	RtlGetFullPathName_UEx [0x77CC8FD2+1218]
	RtlGetFullPathName_UEx [0x77CC8F9D+1165]
">
      <![CDATA[org.openqa.selenium.SessionNotCreatedException: session not created: This version of ChromeDriver only supports Chrome version 108
Current browser version is 111.0.5563.149 with binary path C:\Program Files\Google\Chrome\Application\chrome.exe
Build info: version: '3.141.59', revision: 'e82be7d358', time: '2018-11-14T08:17:03'
System info: host: 'IN--1SP0BK3', ip: '192.168.1.100', os.name: 'Windows 10', os.arch: 'amd64', os.version: '10.0', java.version: '11.0.1'
Driver info: driver.version: ChromeDriver
remote stacktrace: Backtrace:
(No symbol) [0x0038F243]
(No symbol) [0x00317FD1]
(No symbol) [0x0020D04D]
(No symbol) [0x0022F6B4]
(No symbol) [0x0022A97C]
(No symbol) [0x002282E9]
(No symbol) [0x0025F056]
(No symbol) [0x0025EB2A]
(No symbol) [0x00258386]
(No symbol) [0x0023163C]
(No symbol) [0x0023269D]
GetHandleVerifier [0x00629A22+2655074]
GetHandleVerifier [0x0061CA24+2601828]
GetHandleVerifier [0x00438C0A+619850]
GetHandleVerifier [0x00437830+614768]
(No symbol) [0x003205FC]
(No symbol) [0x00325968]
(No symbol) [0x00325A55]
(No symbol) [0x0033051B]
BaseThreadInitThunk [0x76766BD9+25]
RtlGetFullPathName_UEx [0x77CC8FD2+1218]
RtlGetFullPathName_UEx [0x77CC8F9D+1165]

at org.openqa.selenium.remote.W3CHandshakeResponse.lambda$errorHandler$0(W3CHandshakeResponse.java:62)
at org.openqa.selenium.remote.HandshakeResponse.lambda$getResponseFunction$0(HandshakeResponse.java:30)
at org.openqa.selenium.remote.ProtocolHandshake.lambda$createSession$0(ProtocolHandshake.java:126)
at java.base/java.util.stream.ReferencePipeline$3$1.accept(ReferencePipeline.java:195)
at java.base/java.util.Spliterators$ArraySpliterator.tryAdvance(Spliterators.java:958)
at java.base/java.util.stream.ReferencePipeline.forEachWithCancel(ReferencePipeline.java:127)
at java.base/java.util.stream.AbstractPipeline.copyIntoWithCancel(AbstractPipeline.java:502)
at java.base/java.util.stream.AbstractPipeline.copyInto(AbstractPipeline.java:488)
at java.base/java.util.stream.AbstractPipeline.wrapAndCopyInto(AbstractPipeline.java:474)
at java.base/java.util.stream.FindOps$FindOp.evaluateSequential(FindOps.java:150)
at java.base/java.util.stream.AbstractPipeline.evaluate(AbstractPipeline.java:234)
at java.base/java.util.stream.ReferencePipeline.findFirst(ReferencePipeline.java:543)
at org.openqa.selenium.remote.ProtocolHandshake.createSession(ProtocolHandshake.java:128)
at org.openqa.selenium.remote.ProtocolHandshake.createSession(ProtocolHandshake.java:74)
at org.openqa.selenium.remote.HttpCommandExecutor.execute(HttpCommandExecutor.java:136)
at org.openqa.selenium.remote.service.DriverCommandExecutor.execute(DriverCommandExecutor.java:83)
at org.openqa.selenium.remote.RemoteWebDriver.execute(RemoteWebDriver.java:552)
at org.openqa.selenium.remote.RemoteWebDriver.startSession(RemoteWebDriver.java:213)
at org.openqa.selenium.remote.RemoteWebDriver.<init>(RemoteWebDriver.java:131)
at org.openqa.selenium.chrome.ChromeDriver.<init>(ChromeDriver.java:181)
at org.openqa.selenium.chrome.ChromeDriver.<init>(ChromeDriver.java:168)
at org.openqa.selenium.chrome.ChromeDriver.<init>(ChromeDriver.java:123)
at Base.BasePage.initializeWebdriver(BasePage.java:68)
... Removed 23 stack frames]]>
    </failure>
  </testcase> <!-- @BeforeSuite initializeWebdriver -->
  <testcase classname="Base.BasePage" name="@BeforeMethod enterurl" time="-1.681804235676E9">
    <skipped/>
  </testcase> <!-- @BeforeMethod enterurl -->
  <testcase classname="Base.BasePage" name="@AfterMethod afterMethod" time="-1.681804235682E9">
    <skipped/>
  </testcase> <!-- @AfterMethod afterMethod -->
  <testcase classname="Base.BasePage" name="@BeforeMethod enterurl" time="-1.681804235687E9">
    <skipped/>
  </testcase> <!-- @BeforeMethod enterurl -->
  <testcase classname="Base.BasePage" name="@AfterMethod afterMethod" time="-1.68180423569E9">
    <skipped/>
  </testcase> <!-- @AfterMethod afterMethod -->
  <testcase classname="Base.BasePage" name="@BeforeMethod enterurl" time="-1.681804235691E9">
    <skipped/>
  </testcase> <!-- @BeforeMethod enterurl -->
  <testcase classname="Base.BasePage" name="@AfterMethod afterMethod" time="-1.681804235694E9">
    <skipped/>
  </testcase> <!-- @AfterMethod afterMethod -->
  <testcase classname="Base.BasePage" name="@BeforeMethod enterurl" time="-1.681804235695E9">
    <skipped/>
  </testcase> <!-- @BeforeMethod enterurl -->
  <testcase classname="Base.BasePage" name="@AfterMethod afterMethod" time="-1.681804235699E9">
    <skipped/>
  </testcase> <!-- @AfterMethod afterMethod -->
  <testcase classname="Base.BasePage" name="@BeforeMethod enterurl" time="-1.681804235702E9">
    <skipped/>
  </testcase> <!-- @BeforeMethod enterurl -->
  <testcase classname="Base.BasePage" name="@AfterMethod afterMethod" time="-1.681804235705E9">
    <skipped/>
  </testcase> <!-- @AfterMethod afterMethod -->
  <testcase classname="Base.BasePage" name="@BeforeMethod enterurl" time="-1.681804235706E9">
    <skipped/>
  </testcase> <!-- @BeforeMethod enterurl -->
  <testcase classname="Base.BasePage" name="@AfterMethod afterMethod" time="-1.681804235709E9">
    <skipped/>
  </testcase> <!-- @AfterMethod afterMethod -->
  <testcase classname="Base.BasePage" name="@BeforeMethod enterurl" time="-1.68180423571E9">
    <skipped/>
  </testcase> <!-- @BeforeMethod enterurl -->
  <testcase classname="Base.BasePage" name="@AfterMethod afterMethod" time="-1.681804235714E9">
    <skipped/>
  </testcase> <!-- @AfterMethod afterMethod -->
  <testcase classname="Base.BasePage" name="@BeforeMethod enterurl" time="-1.681804235715E9">
    <skipped/>
  </testcase> <!-- @BeforeMethod enterurl -->
  <testcase classname="Base.BasePage" name="@AfterMethod afterMethod" time="-1.681804235719E9">
    <skipped/>
  </testcase> <!-- @AfterMethod afterMethod -->
  <testcase classname="Base.BasePage" name="@BeforeMethod enterurl" time="-1.681804235721E9">
    <skipped/>
  </testcase> <!-- @BeforeMethod enterurl -->
  <testcase classname="Base.BasePage" name="@AfterMethod afterMethod" time="-1.681804235723E9">
    <skipped/>
  </testcase> <!-- @AfterMethod afterMethod -->
  <testcase classname="Testcases.AddCucumber" name="Cucumber" time="0.0">
    <skipped/>
  </testcase> <!-- Cucumber -->
  <testcase classname="Testcases.CartTest" name="Cart" time="0.0">
    <skipped/>
  </testcase> <!-- Cart -->
  <testcase classname="Testcases.CheckOutTest" name="CheckOut" time="0.0">
    <skipped/>
  </testcase> <!-- CheckOut -->
  <testcase classname="Testcases.DropDownTest" name="Select" time="0.0">
    <skipped/>
  </testcase> <!-- Select -->
  <testcase classname="Testcases.FlightBookingTest" name="Flight" time="0.0">
    <skipped/>
  </testcase> <!-- Flight -->
  <testcase classname="Testcases.MoveToSecondTest" name="SecondPage" time="0.0">
    <skipped/>
  </testcase> <!-- SecondPage -->
  <testcase classname="Testcases.PlaceOrderTest" name="order" time="0.0">
    <skipped/>
  </testcase> <!-- order -->
  <testcase classname="Testcases.SearchTest" name="SearchTest" time="0.0">
    <skipped/>
  </testcase> <!-- SearchTest -->
  <testcase classname="Testcases.TopDealsTest" name="topDealsTest" time="0.0">
    <skipped/>
  </testcase> <!-- topDealsTest -->
  <testcase classname="Base.BasePage" name="@BeforeSuite initializeWebdriver" time="0.0">
    <ignored/>
  </testcase> <!-- @BeforeSuite initializeWebdriver -->
  <testcase classname="Base.BasePage" name="@BeforeSuite initializeWebdriver" time="0.0">
    <ignored/>
  </testcase> <!-- @BeforeSuite initializeWebdriver -->
  <testcase classname="Base.BasePage" name="@BeforeSuite initializeWebdriver" time="0.0">
    <ignored/>
  </testcase> <!-- @BeforeSuite initializeWebdriver -->
  <testcase classname="Base.BasePage" name="@BeforeSuite initializeWebdriver" time="0.0">
    <ignored/>
  </testcase> <!-- @BeforeSuite initializeWebdriver -->
  <testcase classname="Base.BasePage" name="@BeforeSuite initializeWebdriver" time="0.0">
    <ignored/>
  </testcase> <!-- @BeforeSuite initializeWebdriver -->
  <testcase classname="Base.BasePage" name="@BeforeSuite initializeWebdriver" time="0.0">
    <ignored/>
  </testcase> <!-- @BeforeSuite initializeWebdriver -->
  <testcase classname="Base.BasePage" name="@BeforeSuite initializeWebdriver" time="0.0">
    <ignored/>
  </testcase> <!-- @BeforeSuite initializeWebdriver -->
  <testcase classname="Base.BasePage" name="@BeforeSuite initializeWebdriver" time="0.0">
    <ignored/>
  </testcase> <!-- @BeforeSuite initializeWebdriver -->
  <testcase classname="Base.BasePage" name="@AfterSuite browserclose" time="0.0">
    <ignored/>
  </testcase> <!-- @AfterSuite browserclose -->
  <testcase classname="Base.BasePage" name="@AfterSuite browserclose" time="0.0">
    <ignored/>
  </testcase> <!-- @AfterSuite browserclose -->
  <testcase classname="Base.BasePage" name="@AfterSuite browserclose" time="0.0">
    <ignored/>
  </testcase> <!-- @AfterSuite browserclose -->
  <testcase classname="Base.BasePage" name="@AfterSuite browserclose" time="0.0">
    <ignored/>
  </testcase> <!-- @AfterSuite browserclose -->
  <testcase classname="Base.BasePage" name="@AfterSuite browserclose" time="0.0">
    <ignored/>
  </testcase> <!-- @AfterSuite browserclose -->
  <testcase classname="Base.BasePage" name="@AfterSuite browserclose" time="0.0">
    <ignored/>
  </testcase> <!-- @AfterSuite browserclose -->
  <testcase classname="Base.BasePage" name="@AfterSuite browserclose" time="0.0">
    <ignored/>
  </testcase> <!-- @AfterSuite browserclose -->
  <testcase classname="Base.BasePage" name="@AfterSuite browserclose" time="0.0">
    <ignored/>
  </testcase> <!-- @AfterSuite browserclose -->
</testsuite> <!-- Test -->
